<?xml version="1.0" encoding="UTF-8"?>
<!-- Generated by org.testng.reporters.JUnitReportReporter -->
<testsuite hostname="IN-PG02NMBB" failures="0" tests="1" name="com.assignment.testcase.SearchBarTest" time="5.144" errors="0" timestamp="2022-12-14T02:56:19 IST" skipped="0">
  <testcase classname="com.assignment.testcase.SearchBarTest" name="search" time="5.144"/>
  <system-out/>
</testsuite> <!-- com.assignment.testcase.SearchBarTest -->
