<?xml version="1.0" encoding="UTF-8"?>
<!-- Generated by org.testng.reporters.JUnitReportReporter -->
<testsuite hostname="IN-PG02NMBB" failures="0" tests="1" name="com.assignment.testcase.LoginTest" time="5.234" errors="0" timestamp="2022-12-13T23:50:50 IST" skipped="0">
  <testcase classname="com.assignment.testcase.LoginTest" name="login" time="5.234"/>
  <system-out/>
</testsuite> <!-- com.assignment.testcase.LoginTest -->
