<?xml version="1.0" encoding="UTF-8"?>
<!-- Generated by org.testng.reporters.JUnitReportReporter -->
<testsuite hostname="IN-PG02NMBB" failures="0" tests="1" name="com.assignment.testcase.SearchBarSubmitTest" time="0.160" errors="0" timestamp="2022-12-14T02:56:19 IST" skipped="0">
  <testcase classname="com.assignment.testcase.SearchBarSubmitTest" name="search" time="0.160"/>
  <system-out/>
</testsuite> <!-- com.assignment.testcase.SearchBarSubmitTest -->
