<?xml version="1.0" encoding="UTF-8"?>
<!-- Generated by org.testng.reporters.JUnitReportReporter -->
<testsuite hostname="IN-PG02NMBB" failures="0" tests="1" name="com.assignment.testcase.ViewAllToHomeTest" time="0.141" errors="0" timestamp="2022-12-14T02:01:40 IST" skipped="0">
  <testcase classname="com.assignment.testcase.ViewAllToHomeTest" name="viewall" time="0.141"/>
  <system-out/>
</testsuite> <!-- com.assignment.testcase.ViewAllToHomeTest -->
