<?xml version="1.0" encoding="UTF-8"?>
<!-- Generated by org.testng.reporters.JUnitReportReporter -->
<testsuite hostname="IN-PG02NMBB" failures="0" tests="1" name="com.assignment.testcase.BestofelectronicsViewAllTest" time="0.127" errors="0" timestamp="2022-12-14T02:56:19 IST" skipped="0">
  <testcase classname="com.assignment.testcase.BestofelectronicsViewAllTest" name="forwardkey" time="0.127"/>
  <system-out/>
</testsuite> <!-- com.assignment.testcase.BestofelectronicsViewAllTest -->
